<?xml version="1.0" encoding="UTF-8"?>
<testng-results ignored="0" total="1" passed="1" failed="0" skipped="0">
  <reporter-output>
  </reporter-output>
  <suite started-at="2022-05-24T19:24:20 IST" name="Default suite" finished-at="2022-05-24T19:24:24 IST" duration-ms="4808">
    <groups>
    </groups>
    <test started-at="2022-05-24T19:24:20 IST" name="Default test" finished-at="2022-05-24T19:24:24 IST" duration-ms="4808">
      <class name="Com.Mindtree.Project.LstOne.TEstcase1">
        <test-method signature="Test1()[pri:0, instance:Com.Mindtree.Project.LstOne.TEstcase1@1b1426f4]" started-at="2022-05-24T19:24:20 IST" name="Test1" finished-at="2022-05-24T19:24:24 IST" duration-ms="4507" status="PASS">
          <reporter-output>
          </reporter-output>
        </test-method> <!-- Test1 -->
      </class> <!-- Com.Mindtree.Project.LstOne.TEstcase1 -->
    </test> <!-- Default test -->
  </suite> <!-- Default suite -->
</testng-results>
